0 info it worked if it ends with ok
1 verbose cli [ 'node', '/usr/local/bin/npm', 'uninstall', 'babelify', '--save' ]
2 info using npm@1.4.28
3 info using node@v0.10.32
4 verbose node_modules/babelify unbuild
5 info preuninstall babelify@6.1.2
6 info uninstall babelify@6.1.2
7 verbose true,/Users/alexcoady/Sites/Boilerplate-react/node_modules,/Users/alexcoady/Sites/Boilerplate-react/node_modules unbuild babelify@6.1.2
8 info postuninstall babelify@6.1.2
9 error Error: EACCES, unlink '/Users/alexcoady/Sites/Boilerplate-react/node_modules/babelify/node_modules/babel-core/node_modules/.bin/detect-indent'
9 error  { [Error: EACCES, unlink '/Users/alexcoady/Sites/Boilerplate-react/node_modules/babelify/node_modules/babel-core/node_modules/.bin/detect-indent']
9 error   errno: 3,
9 error   code: 'EACCES',
9 error   path: '/Users/alexcoady/Sites/Boilerplate-react/node_modules/babelify/node_modules/babel-core/node_modules/.bin/detect-indent' }
10 error Please try running this command again as root/Administrator.
11 error System Darwin 14.1.0
12 error command "node" "/usr/local/bin/npm" "uninstall" "babelify" "--save"
13 error cwd /Users/alexcoady/Sites/Boilerplate-react
14 error node -v v0.10.32
15 error npm -v 1.4.28
16 error path /Users/alexcoady/Sites/Boilerplate-react/node_modules/babelify/node_modules/babel-core/node_modules/.bin/detect-indent
17 error code EACCES
18 error errno 3
19 error stack Error: EACCES, unlink '/Users/alexcoady/Sites/Boilerplate-react/node_modules/babelify/node_modules/babel-core/node_modules/.bin/detect-indent'
20 verbose exit [ 3, true ]
